<?xml version="1.0" encoding="UTF-8"?>
<!-- Generated by org.testng.reporters.JUnitReportReporter -->
<testsuite hostname="nimbusclient" failures="0" tests="1" name="mason1.SeleniumTest" time="6.490" errors="0" timestamp="6 Nov 2024 16:27:27 GMT">
  <testcase classname="mason1.SeleniumTest" name="test" time="6.490"/>
</testsuite> <!-- mason1.SeleniumTest -->
