<?xml version="1.0" encoding="UTF-8"?>
<!-- Generated by org.testng.reporters.JUnitReportReporter -->
<testsuite hostname="nimbusclient" failures="0" tests="1" name="mason1.SeleniumTest" time="6.494" errors="0" timestamp="6 Nov 2024 15:46:48 GMT">
  <testcase classname="mason1.SeleniumTest" name="test" time="6.494"/>
</testsuite> <!-- mason1.SeleniumTest -->
