<?xml version="1.0" encoding="UTF-8"?>
<!-- Generated by org.testng.reporters.JUnitReportReporter -->
<testsuite hostname="nimbusclient" failures="0" tests="1" name="mason1.SeleniumTest" time="7.641" errors="0" timestamp="6 Nov 2024 16:11:07 GMT">
  <testcase classname="mason1.SeleniumTest" name="test" time="7.641"/>
</testsuite> <!-- mason1.SeleniumTest -->
